2025-01-07 15:04:35,233 INFO o.a.j.u.JMeterUtils: Setting Locale to en_EN
2025-01-07 15:04:35,254 INFO o.a.j.JMeter: Loading user properties from: user.properties
2025-01-07 15:04:35,255 INFO o.a.j.JMeter: Loading system properties from: system.properties
2025-01-07 15:04:35,264 INFO o.a.j.JMeter: Copyright (c) 1998-2024 The Apache Software Foundation
2025-01-07 15:04:35,264 INFO o.a.j.JMeter: Version 5.6.3
2025-01-07 15:04:35,264 INFO o.a.j.JMeter: java.version=21.0.5
2025-01-07 15:04:35,264 INFO o.a.j.JMeter: java.vm.name=Java HotSpot(TM) 64-Bit Server VM
2025-01-07 15:04:35,264 INFO o.a.j.JMeter: os.name=Windows 11
2025-01-07 15:04:35,264 INFO o.a.j.JMeter: os.arch=amd64
2025-01-07 15:04:35,265 INFO o.a.j.JMeter: os.version=10.0
2025-01-07 15:04:35,265 INFO o.a.j.JMeter: file.encoding=UTF-8
2025-01-07 15:04:35,265 INFO o.a.j.JMeter: java.awt.headless=null
2025-01-07 15:04:35,265 INFO o.a.j.JMeter: Max memory     =1073741824
2025-01-07 15:04:35,265 INFO o.a.j.JMeter: Available Processors =12
2025-01-07 15:04:35,277 INFO o.a.j.JMeter: Default Locale=English (EN)
2025-01-07 15:04:35,277 INFO o.a.j.JMeter: JMeter  Locale=English (EN)
2025-01-07 15:04:35,277 INFO o.a.j.JMeter: JMeterHome=C:\Users\vivek.anbalagan\OneDrive - Kripya Solutions Private Limited\Desktop\JMeter\apache-jmeter-5.6.3
2025-01-07 15:04:35,278 INFO o.a.j.JMeter: user.dir  =C:\Users\vivek.anbalagan\OneDrive - Kripya Solutions Private Limited\Desktop\JMeter\apache-jmeter-5.6.3\bin
2025-01-07 15:04:35,279 INFO o.a.j.JMeter: PWD       =C:\Users\vivek.anbalagan\OneDrive - Kripya Solutions Private Limited\Desktop\JMeter\apache-jmeter-5.6.3\bin
2025-01-07 15:04:35,281 INFO o.a.j.JMeter: IP: 192.168.3.19 Name: IT2408-LT-221 FullName: IT2408-LT-221.kripya.com
2025-01-07 15:04:35,292 INFO o.a.j.JMeter: Loaded icon properties from org/apache/jmeter/images/icon.properties
2025-01-07 15:04:35,463 INFO o.a.j.JMeterGuiLauncher: Setting LAF to: laf:com.sun.java.swing.plaf.windows.WindowsLookAndFeel
2025-01-07 15:04:36,204 INFO o.a.j.r.ClassFinder: Will scan jar C:\Users\vivek.anbalagan\OneDrive - Kripya Solutions Private Limited\Desktop\JMeter\apache-jmeter-5.6.3\lib\ext\jmeter-plugins-graphs-basic-2.0.jar with filter ExtendsClassFilter [parents=[interface org.apache.jmeter.gui.action.Command], inner=false, contains=null, notContains=null]. Consider exposing JMeter plugins via META-INF/services, and add JMeter-Skip-Class-Scanning=true manifest attribute so JMeter can skip classfile scanning
2025-01-07 15:04:36,210 INFO o.a.j.r.ClassFinder: Will scan jar C:\Users\vivek.anbalagan\OneDrive - Kripya Solutions Private Limited\Desktop\JMeter\apache-jmeter-5.6.3\lib\ext\jmeter-plugins-casutg-2.10.jar with filter ExtendsClassFilter [parents=[interface org.apache.jmeter.gui.action.Command], inner=false, contains=null, notContains=null]. Consider exposing JMeter plugins via META-INF/services, and add JMeter-Skip-Class-Scanning=true manifest attribute so JMeter can skip classfile scanning
2025-01-07 15:04:36,223 INFO o.a.j.r.ClassFinder: Will scan jar C:\Users\vivek.anbalagan\OneDrive - Kripya Solutions Private Limited\Desktop\JMeter\apache-jmeter-5.6.3\lib\ext\jmeter-plugins-perfmon-2.1.jar with filter ExtendsClassFilter [parents=[interface org.apache.jmeter.gui.action.Command], inner=false, contains=null, notContains=null]. Consider exposing JMeter plugins via META-INF/services, and add JMeter-Skip-Class-Scanning=true manifest attribute so JMeter can skip classfile scanning
2025-01-07 15:04:36,230 INFO o.a.j.r.ClassFinder: Will scan jar C:\Users\vivek.anbalagan\OneDrive - Kripya Solutions Private Limited\Desktop\JMeter\apache-jmeter-5.6.3\lib\ext\jmeter-plugins-graphs-additional-2.0.jar with filter ExtendsClassFilter [parents=[interface org.apache.jmeter.gui.action.Command], inner=false, contains=null, notContains=null]. Consider exposing JMeter plugins via META-INF/services, and add JMeter-Skip-Class-Scanning=true manifest attribute so JMeter can skip classfile scanning
2025-01-07 15:04:36,233 INFO o.a.j.r.ClassFinder: Will scan jar C:\Users\vivek.anbalagan\OneDrive - Kripya Solutions Private Limited\Desktop\JMeter\apache-jmeter-5.6.3\lib\ext\jmeter-plugins-manager-1.10.jar with filter ExtendsClassFilter [parents=[interface org.apache.jmeter.gui.action.Command], inner=false, contains=null, notContains=null]. Consider exposing JMeter plugins via META-INF/services, and add JMeter-Skip-Class-Scanning=true manifest attribute so JMeter can skip classfile scanning
2025-01-07 15:04:36,388 INFO o.a.j.r.ClassFinder: Will scan jar C:\Users\vivek.anbalagan\OneDrive - Kripya Solutions Private Limited\Desktop\JMeter\apache-jmeter-5.6.3\lib\ext\jmeter-plugins-graphs-basic-2.0.jar with filter ExtendsClassFilter [parents=[interface org.apache.jmeter.gui.plugin.MenuCreator], inner=false, contains=null, notContains=null]. Consider exposing JMeter plugins via META-INF/services, and add JMeter-Skip-Class-Scanning=true manifest attribute so JMeter can skip classfile scanning
2025-01-07 15:04:36,390 INFO o.a.j.r.ClassFinder: Will scan jar C:\Users\vivek.anbalagan\OneDrive - Kripya Solutions Private Limited\Desktop\JMeter\apache-jmeter-5.6.3\lib\ext\jmeter-plugins-casutg-2.10.jar with filter ExtendsClassFilter [parents=[interface org.apache.jmeter.gui.plugin.MenuCreator], inner=false, contains=null, notContains=null]. Consider exposing JMeter plugins via META-INF/services, and add JMeter-Skip-Class-Scanning=true manifest attribute so JMeter can skip classfile scanning
2025-01-07 15:04:36,395 INFO o.a.j.r.ClassFinder: Will scan jar C:\Users\vivek.anbalagan\OneDrive - Kripya Solutions Private Limited\Desktop\JMeter\apache-jmeter-5.6.3\lib\ext\jmeter-plugins-perfmon-2.1.jar with filter ExtendsClassFilter [parents=[interface org.apache.jmeter.gui.plugin.MenuCreator], inner=false, contains=null, notContains=null]. Consider exposing JMeter plugins via META-INF/services, and add JMeter-Skip-Class-Scanning=true manifest attribute so JMeter can skip classfile scanning
2025-01-07 15:04:36,397 INFO o.a.j.r.ClassFinder: Will scan jar C:\Users\vivek.anbalagan\OneDrive - Kripya Solutions Private Limited\Desktop\JMeter\apache-jmeter-5.6.3\lib\ext\jmeter-plugins-graphs-additional-2.0.jar with filter ExtendsClassFilter [parents=[interface org.apache.jmeter.gui.plugin.MenuCreator], inner=false, contains=null, notContains=null]. Consider exposing JMeter plugins via META-INF/services, and add JMeter-Skip-Class-Scanning=true manifest attribute so JMeter can skip classfile scanning
2025-01-07 15:04:36,398 INFO o.a.j.r.ClassFinder: Will scan jar C:\Users\vivek.anbalagan\OneDrive - Kripya Solutions Private Limited\Desktop\JMeter\apache-jmeter-5.6.3\lib\ext\jmeter-plugins-manager-1.10.jar with filter ExtendsClassFilter [parents=[interface org.apache.jmeter.gui.plugin.MenuCreator], inner=false, contains=null, notContains=null]. Consider exposing JMeter plugins via META-INF/services, and add JMeter-Skip-Class-Scanning=true manifest attribute so JMeter can skip classfile scanning
2025-01-07 15:04:36,583 INFO o.j.r.JARSourceHTTP: Found cached repo
2025-01-07 15:04:36,999 INFO o.j.r.PluginManager: Plugins Status: [jpgc-graphs-basic=2.0, jpgc-graphs-additional=2.0, jpgc-casutg=2.10, jpgc-perfmon=2.1, jpgc-plugins-manager=1.10, jmeter-core=5.6.3, jmeter-ftp=5.6.3, jmeter-http=5.6.3, jmeter-jdbc=5.6.3, jmeter-jms=5.6.3, jmeter-junit=5.6.3, jmeter-java=5.6.3, jmeter-ldap=5.6.3, jmeter-mail=5.6.3, jmeter-mongodb=5.6.3, jmeter-native=5.6.3, jmeter-tcp=5.6.3, jmeter-components=5.6.3]
2025-01-07 15:04:50,365 INFO o.a.j.s.FileServer: Default base='C:\Users\vivek.anbalagan\OneDrive - Kripya Solutions Private Limited\Desktop\JMeter\apache-jmeter-5.6.3\bin'
2025-01-07 15:04:50,372 INFO o.a.j.g.a.Load: Loading file: C:\Users\vivek.anbalagan\OneDrive - Kripya Solutions Private Limited\Desktop\JMeter\Test Scripts-Data-Result\TestScript\Test Plan - JpetStore Project.jmx
2025-01-07 15:04:50,372 INFO o.a.j.s.FileServer: Set new base='C:\Users\vivek.anbalagan\OneDrive - Kripya Solutions Private Limited\Desktop\JMeter\Test Scripts-Data-Result\TestScript'
2025-01-07 15:04:50,575 INFO o.a.j.s.SaveService: Testplan (JMX) version: 2.2. Testlog (JTL) version: 2.2
2025-01-07 15:04:50,579 INFO o.a.j.s.SaveService: Using SaveService properties version 5.0
2025-01-07 15:04:50,583 INFO o.a.j.s.SaveService: Using SaveService properties file encoding UTF-8
2025-01-07 15:04:50,587 INFO o.a.j.s.SaveService: Loading file: C:\Users\vivek.anbalagan\OneDrive - Kripya Solutions Private Limited\Desktop\JMeter\Test Scripts-Data-Result\TestScript\Test Plan - JpetStore Project.jmx
2025-01-07 15:04:50,799 INFO o.a.j.p.h.c.CookieManager: Settings: Delete null: true Check: true Allow variable: true Save: false Prefix: COOKIE_
2025-01-07 15:04:50,808 INFO o.a.j.p.h.s.HTTPSamplerBase: Parser for text/html is org.apache.jmeter.protocol.http.parser.LagartoBasedHtmlParser
2025-01-07 15:04:50,808 INFO o.a.j.p.h.s.HTTPSamplerBase: Parser for application/xhtml+xml is org.apache.jmeter.protocol.http.parser.LagartoBasedHtmlParser
2025-01-07 15:04:50,808 INFO o.a.j.p.h.s.HTTPSamplerBase: Parser for application/xml is org.apache.jmeter.protocol.http.parser.LagartoBasedHtmlParser
2025-01-07 15:04:50,808 INFO o.a.j.p.h.s.HTTPSamplerBase: Parser for text/xml is org.apache.jmeter.protocol.http.parser.LagartoBasedHtmlParser
2025-01-07 15:04:50,808 INFO o.a.j.p.h.s.HTTPSamplerBase: Parser for text/vnd.wap.wml is org.apache.jmeter.protocol.http.parser.RegexpHTMLParser
2025-01-07 15:04:50,808 INFO o.a.j.p.h.s.HTTPSamplerBase: Parser for text/css is org.apache.jmeter.protocol.http.parser.CssParser
2025-01-07 15:04:51,322 INFO o.a.j.e.KeyToolUtils: keytool found at 'keytool'
2025-01-07 15:04:51,323 INFO o.a.j.p.h.p.ProxyControl: HTTP(S) Test Script Recorder SSL Proxy will use keys that support embedded 3rd party resources in file C:\Users\vivek.anbalagan\OneDrive - Kripya Solutions Private Limited\Desktop\JMeter\apache-jmeter-5.6.3\bin\proxyserver.jks
2025-01-07 15:04:51,560 INFO o.a.j.e.u.CompoundVariable: Note: Function class names must contain the string: '.functions.'
2025-01-07 15:04:51,560 INFO o.a.j.e.u.CompoundVariable: Note: Function class names must not contain the string: '.gui.'
2025-01-07 15:04:51,635 INFO o.a.j.r.ClassFinder: Will scan jar C:\Users\vivek.anbalagan\OneDrive - Kripya Solutions Private Limited\Desktop\JMeter\apache-jmeter-5.6.3\lib\ext\jmeter-plugins-graphs-basic-2.0.jar with filter ExtendsClassFilter [parents=[interface org.apache.jmeter.functions.Function], inner=false, contains=null, notContains=null]. Consider exposing JMeter plugins via META-INF/services, and add JMeter-Skip-Class-Scanning=true manifest attribute so JMeter can skip classfile scanning
2025-01-07 15:04:51,635 INFO o.a.j.r.ClassFinder: Will scan jar C:\Users\vivek.anbalagan\OneDrive - Kripya Solutions Private Limited\Desktop\JMeter\apache-jmeter-5.6.3\lib\ext\jmeter-plugins-casutg-2.10.jar with filter ExtendsClassFilter [parents=[interface org.apache.jmeter.functions.Function], inner=false, contains=null, notContains=null]. Consider exposing JMeter plugins via META-INF/services, and add JMeter-Skip-Class-Scanning=true manifest attribute so JMeter can skip classfile scanning
2025-01-07 15:04:51,636 INFO o.a.j.r.ClassFinder: Will scan jar C:\Users\vivek.anbalagan\OneDrive - Kripya Solutions Private Limited\Desktop\JMeter\apache-jmeter-5.6.3\lib\ext\jmeter-plugins-perfmon-2.1.jar with filter ExtendsClassFilter [parents=[interface org.apache.jmeter.functions.Function], inner=false, contains=null, notContains=null]. Consider exposing JMeter plugins via META-INF/services, and add JMeter-Skip-Class-Scanning=true manifest attribute so JMeter can skip classfile scanning
2025-01-07 15:04:51,637 INFO o.a.j.r.ClassFinder: Will scan jar C:\Users\vivek.anbalagan\OneDrive - Kripya Solutions Private Limited\Desktop\JMeter\apache-jmeter-5.6.3\lib\ext\jmeter-plugins-graphs-additional-2.0.jar with filter ExtendsClassFilter [parents=[interface org.apache.jmeter.functions.Function], inner=false, contains=null, notContains=null]. Consider exposing JMeter plugins via META-INF/services, and add JMeter-Skip-Class-Scanning=true manifest attribute so JMeter can skip classfile scanning
2025-01-07 15:04:51,637 INFO o.a.j.r.ClassFinder: Will scan jar C:\Users\vivek.anbalagan\OneDrive - Kripya Solutions Private Limited\Desktop\JMeter\apache-jmeter-5.6.3\lib\ext\jmeter-plugins-manager-1.10.jar with filter ExtendsClassFilter [parents=[interface org.apache.jmeter.functions.Function], inner=false, contains=null, notContains=null]. Consider exposing JMeter plugins via META-INF/services, and add JMeter-Skip-Class-Scanning=true manifest attribute so JMeter can skip classfile scanning
2025-01-07 15:04:52,202 INFO o.a.j.s.SampleResult: Note: Sample TimeStamps are START times
2025-01-07 15:04:52,202 INFO o.a.j.s.SampleResult: sampleresult.default.encoding is set to UTF-8
2025-01-07 15:04:52,202 INFO o.a.j.s.SampleResult: sampleresult.useNanoTime=true
2025-01-07 15:04:52,203 INFO o.a.j.s.SampleResult: sampleresult.nanoThreadSleep=5000
2025-01-07 15:04:52,353 INFO o.a.j.r.ClassFinder: Will scan jar C:\Users\vivek.anbalagan\OneDrive - Kripya Solutions Private Limited\Desktop\JMeter\apache-jmeter-5.6.3\lib\ext\jmeter-plugins-graphs-basic-2.0.jar with filter ExtendsClassFilter [parents=[interface org.apache.jmeter.visualizers.ResultRenderer], inner=false, contains=null, notContains=null]. Consider exposing JMeter plugins via META-INF/services, and add JMeter-Skip-Class-Scanning=true manifest attribute so JMeter can skip classfile scanning
2025-01-07 15:04:52,354 INFO o.a.j.r.ClassFinder: Will scan jar C:\Users\vivek.anbalagan\OneDrive - Kripya Solutions Private Limited\Desktop\JMeter\apache-jmeter-5.6.3\lib\ext\jmeter-plugins-casutg-2.10.jar with filter ExtendsClassFilter [parents=[interface org.apache.jmeter.visualizers.ResultRenderer], inner=false, contains=null, notContains=null]. Consider exposing JMeter plugins via META-INF/services, and add JMeter-Skip-Class-Scanning=true manifest attribute so JMeter can skip classfile scanning
2025-01-07 15:04:52,355 INFO o.a.j.r.ClassFinder: Will scan jar C:\Users\vivek.anbalagan\OneDrive - Kripya Solutions Private Limited\Desktop\JMeter\apache-jmeter-5.6.3\lib\ext\jmeter-plugins-perfmon-2.1.jar with filter ExtendsClassFilter [parents=[interface org.apache.jmeter.visualizers.ResultRenderer], inner=false, contains=null, notContains=null]. Consider exposing JMeter plugins via META-INF/services, and add JMeter-Skip-Class-Scanning=true manifest attribute so JMeter can skip classfile scanning
2025-01-07 15:04:52,356 INFO o.a.j.r.ClassFinder: Will scan jar C:\Users\vivek.anbalagan\OneDrive - Kripya Solutions Private Limited\Desktop\JMeter\apache-jmeter-5.6.3\lib\ext\jmeter-plugins-graphs-additional-2.0.jar with filter ExtendsClassFilter [parents=[interface org.apache.jmeter.visualizers.ResultRenderer], inner=false, contains=null, notContains=null]. Consider exposing JMeter plugins via META-INF/services, and add JMeter-Skip-Class-Scanning=true manifest attribute so JMeter can skip classfile scanning
2025-01-07 15:04:52,356 INFO o.a.j.r.ClassFinder: Will scan jar C:\Users\vivek.anbalagan\OneDrive - Kripya Solutions Private Limited\Desktop\JMeter\apache-jmeter-5.6.3\lib\ext\jmeter-plugins-manager-1.10.jar with filter ExtendsClassFilter [parents=[interface org.apache.jmeter.visualizers.ResultRenderer], inner=false, contains=null, notContains=null]. Consider exposing JMeter plugins via META-INF/services, and add JMeter-Skip-Class-Scanning=true manifest attribute so JMeter can skip classfile scanning
2025-01-07 15:04:52,379 INFO o.a.j.r.ClassFinder: Will scan jar C:\Users\vivek.anbalagan\OneDrive - Kripya Solutions Private Limited\Desktop\JMeter\apache-jmeter-5.6.3\lib\ext\jmeter-plugins-graphs-basic-2.0.jar with filter ExtendsClassFilter [parents=[interface org.apache.jmeter.visualizers.RequestView], inner=false, contains=null, notContains=null]. Consider exposing JMeter plugins via META-INF/services, and add JMeter-Skip-Class-Scanning=true manifest attribute so JMeter can skip classfile scanning
2025-01-07 15:04:52,379 INFO o.a.j.r.ClassFinder: Will scan jar C:\Users\vivek.anbalagan\OneDrive - Kripya Solutions Private Limited\Desktop\JMeter\apache-jmeter-5.6.3\lib\ext\jmeter-plugins-casutg-2.10.jar with filter ExtendsClassFilter [parents=[interface org.apache.jmeter.visualizers.RequestView], inner=false, contains=null, notContains=null]. Consider exposing JMeter plugins via META-INF/services, and add JMeter-Skip-Class-Scanning=true manifest attribute so JMeter can skip classfile scanning
2025-01-07 15:04:52,381 INFO o.a.j.r.ClassFinder: Will scan jar C:\Users\vivek.anbalagan\OneDrive - Kripya Solutions Private Limited\Desktop\JMeter\apache-jmeter-5.6.3\lib\ext\jmeter-plugins-perfmon-2.1.jar with filter ExtendsClassFilter [parents=[interface org.apache.jmeter.visualizers.RequestView], inner=false, contains=null, notContains=null]. Consider exposing JMeter plugins via META-INF/services, and add JMeter-Skip-Class-Scanning=true manifest attribute so JMeter can skip classfile scanning
2025-01-07 15:04:52,381 INFO o.a.j.r.ClassFinder: Will scan jar C:\Users\vivek.anbalagan\OneDrive - Kripya Solutions Private Limited\Desktop\JMeter\apache-jmeter-5.6.3\lib\ext\jmeter-plugins-graphs-additional-2.0.jar with filter ExtendsClassFilter [parents=[interface org.apache.jmeter.visualizers.RequestView], inner=false, contains=null, notContains=null]. Consider exposing JMeter plugins via META-INF/services, and add JMeter-Skip-Class-Scanning=true manifest attribute so JMeter can skip classfile scanning
2025-01-07 15:04:52,382 INFO o.a.j.r.ClassFinder: Will scan jar C:\Users\vivek.anbalagan\OneDrive - Kripya Solutions Private Limited\Desktop\JMeter\apache-jmeter-5.6.3\lib\ext\jmeter-plugins-manager-1.10.jar with filter ExtendsClassFilter [parents=[interface org.apache.jmeter.visualizers.RequestView], inner=false, contains=null, notContains=null]. Consider exposing JMeter plugins via META-INF/services, and add JMeter-Skip-Class-Scanning=true manifest attribute so JMeter can skip classfile scanning
2025-01-07 15:04:52,480 INFO o.a.j.r.ClassFinder: Will scan jar C:\Users\vivek.anbalagan\OneDrive - Kripya Solutions Private Limited\Desktop\JMeter\apache-jmeter-5.6.3\lib\ext\jmeter-plugins-graphs-basic-2.0.jar with filter ExtendsClassFilter [parents=[interface org.apache.jmeter.visualizers.ResultRenderer], inner=false, contains=null, notContains=null]. Consider exposing JMeter plugins via META-INF/services, and add JMeter-Skip-Class-Scanning=true manifest attribute so JMeter can skip classfile scanning
2025-01-07 15:04:52,481 INFO o.a.j.r.ClassFinder: Will scan jar C:\Users\vivek.anbalagan\OneDrive - Kripya Solutions Private Limited\Desktop\JMeter\apache-jmeter-5.6.3\lib\ext\jmeter-plugins-casutg-2.10.jar with filter ExtendsClassFilter [parents=[interface org.apache.jmeter.visualizers.ResultRenderer], inner=false, contains=null, notContains=null]. Consider exposing JMeter plugins via META-INF/services, and add JMeter-Skip-Class-Scanning=true manifest attribute so JMeter can skip classfile scanning
2025-01-07 15:04:52,482 INFO o.a.j.r.ClassFinder: Will scan jar C:\Users\vivek.anbalagan\OneDrive - Kripya Solutions Private Limited\Desktop\JMeter\apache-jmeter-5.6.3\lib\ext\jmeter-plugins-perfmon-2.1.jar with filter ExtendsClassFilter [parents=[interface org.apache.jmeter.visualizers.ResultRenderer], inner=false, contains=null, notContains=null]. Consider exposing JMeter plugins via META-INF/services, and add JMeter-Skip-Class-Scanning=true manifest attribute so JMeter can skip classfile scanning
2025-01-07 15:04:52,483 INFO o.a.j.r.ClassFinder: Will scan jar C:\Users\vivek.anbalagan\OneDrive - Kripya Solutions Private Limited\Desktop\JMeter\apache-jmeter-5.6.3\lib\ext\jmeter-plugins-graphs-additional-2.0.jar with filter ExtendsClassFilter [parents=[interface org.apache.jmeter.visualizers.ResultRenderer], inner=false, contains=null, notContains=null]. Consider exposing JMeter plugins via META-INF/services, and add JMeter-Skip-Class-Scanning=true manifest attribute so JMeter can skip classfile scanning
2025-01-07 15:04:52,483 INFO o.a.j.r.ClassFinder: Will scan jar C:\Users\vivek.anbalagan\OneDrive - Kripya Solutions Private Limited\Desktop\JMeter\apache-jmeter-5.6.3\lib\ext\jmeter-plugins-manager-1.10.jar with filter ExtendsClassFilter [parents=[interface org.apache.jmeter.visualizers.ResultRenderer], inner=false, contains=null, notContains=null]. Consider exposing JMeter plugins via META-INF/services, and add JMeter-Skip-Class-Scanning=true manifest attribute so JMeter can skip classfile scanning
2025-01-07 15:04:52,502 INFO o.a.j.r.ClassFinder: Will scan jar C:\Users\vivek.anbalagan\OneDrive - Kripya Solutions Private Limited\Desktop\JMeter\apache-jmeter-5.6.3\lib\ext\jmeter-plugins-graphs-basic-2.0.jar with filter ExtendsClassFilter [parents=[interface org.apache.jmeter.visualizers.RequestView], inner=false, contains=null, notContains=null]. Consider exposing JMeter plugins via META-INF/services, and add JMeter-Skip-Class-Scanning=true manifest attribute so JMeter can skip classfile scanning
2025-01-07 15:04:52,502 INFO o.a.j.r.ClassFinder: Will scan jar C:\Users\vivek.anbalagan\OneDrive - Kripya Solutions Private Limited\Desktop\JMeter\apache-jmeter-5.6.3\lib\ext\jmeter-plugins-casutg-2.10.jar with filter ExtendsClassFilter [parents=[interface org.apache.jmeter.visualizers.RequestView], inner=false, contains=null, notContains=null]. Consider exposing JMeter plugins via META-INF/services, and add JMeter-Skip-Class-Scanning=true manifest attribute so JMeter can skip classfile scanning
2025-01-07 15:04:52,504 INFO o.a.j.r.ClassFinder: Will scan jar C:\Users\vivek.anbalagan\OneDrive - Kripya Solutions Private Limited\Desktop\JMeter\apache-jmeter-5.6.3\lib\ext\jmeter-plugins-perfmon-2.1.jar with filter ExtendsClassFilter [parents=[interface org.apache.jmeter.visualizers.RequestView], inner=false, contains=null, notContains=null]. Consider exposing JMeter plugins via META-INF/services, and add JMeter-Skip-Class-Scanning=true manifest attribute so JMeter can skip classfile scanning
2025-01-07 15:04:52,504 INFO o.a.j.r.ClassFinder: Will scan jar C:\Users\vivek.anbalagan\OneDrive - Kripya Solutions Private Limited\Desktop\JMeter\apache-jmeter-5.6.3\lib\ext\jmeter-plugins-graphs-additional-2.0.jar with filter ExtendsClassFilter [parents=[interface org.apache.jmeter.visualizers.RequestView], inner=false, contains=null, notContains=null]. Consider exposing JMeter plugins via META-INF/services, and add JMeter-Skip-Class-Scanning=true manifest attribute so JMeter can skip classfile scanning
2025-01-07 15:04:52,505 INFO o.a.j.r.ClassFinder: Will scan jar C:\Users\vivek.anbalagan\OneDrive - Kripya Solutions Private Limited\Desktop\JMeter\apache-jmeter-5.6.3\lib\ext\jmeter-plugins-manager-1.10.jar with filter ExtendsClassFilter [parents=[interface org.apache.jmeter.visualizers.RequestView], inner=false, contains=null, notContains=null]. Consider exposing JMeter plugins via META-INF/services, and add JMeter-Skip-Class-Scanning=true manifest attribute so JMeter can skip classfile scanning
2025-01-07 15:04:53,611 INFO o.a.j.s.FileServer: Set new base='C:\Users\vivek.anbalagan\OneDrive - Kripya Solutions Private Limited\Desktop\JMeter\Test Scripts-Data-Result\TestScript'
